<?xml version="1.0" encoding="UTF-8"?>
<testng-results ignored="0" total="1" passed="1" failed="0" skipped="0">
  <reporter-output>
  </reporter-output>
  <suite started-at="2026-02-01T13:08:59 IST" name="Default suite" finished-at="2026-02-01T13:09:05 IST" duration-ms="5788">
    <groups>
    </groups>
    <test started-at="2026-02-01T13:08:59 IST" name="Default test" finished-at="2026-02-01T13:09:05 IST" duration-ms="5788">
      <class name="com.testng.TestNG1">
        <test-method is-config="true" signature="setup()[pri:0, instance:com.testng.TestNG1@6f03482]" started-at="2026-02-01T13:08:59 IST" name="setup" finished-at="2026-02-01T13:09:05 IST" duration-ms="5736" status="PASS">
          <reporter-output>
          </reporter-output>
        </test-method> <!-- setup -->
        <test-method signature="ornageHRMTest()[pri:0, instance:com.testng.TestNG1@6f03482]" started-at="2026-02-01T13:09:05 IST" name="ornageHRMTest" finished-at="2026-02-01T13:09:05 IST" duration-ms="14" status="PASS">
          <reporter-output>
          </reporter-output>
        </test-method> <!-- ornageHRMTest -->
      </class> <!-- com.testng.TestNG1 -->
    </test> <!-- Default test -->
  </suite> <!-- Default suite -->
</testng-results>
